<?xml version="1.0" encoding="UTF-8"?>
<!-- Generated by org.testng.reporters.JUnitReportReporter -->
<testsuite hostname="DESKTOP-72J7IOT" failures="0" tests="3" name="amazon.secondAutomation" time="25.344" errors="0" timestamp="2022-11-16T22:59:23 IST" skipped="0">
  <testcase classname="amazon.secondAutomation" name="test3" time="6.975"/>
  <system-out/>
  <testcase classname="amazon.secondAutomation" name="test2" time="0.004"/>
  <system-out/>
  <testcase classname="amazon.secondAutomation" name="test1" time="18.365"/>
  <system-out/>
</testsuite> <!-- amazon.secondAutomation -->
