<?xml version="1.0" encoding="UTF-8"?>
<!-- Generated by org.testng.reporters.JUnitReportReporter -->
<testsuite hostname="DESKTOP-72J7IOT" failures="0" tests="3" name="amazon.secondAutomation" time="21.597" errors="0" timestamp="2022-10-06T22:20:51 IST" skipped="0">
  <testcase classname="amazon.secondAutomation" name="test2" time="0.003"/>
  <system-out/>
  <testcase classname="amazon.secondAutomation" name="test1" time="15.944"/>
  <system-out/>
  <testcase classname="amazon.secondAutomation" name="test3" time="5.650"/>
  <system-out/>
</testsuite> <!-- amazon.secondAutomation -->
