<?xml version="1.0" encoding="UTF-8"?>
<!-- Generated by org.testng.reporters.JUnitReportReporter -->
<testsuite hostname="DESKTOP-72J7IOT" failures="0" tests="2" name="amazon.FirstAutomation" time="16.818" errors="0" timestamp="2022-10-06T22:17:54 IST" skipped="0">
  <testcase classname="amazon.FirstAutomation" name="test1" time="16.817"/>
  <system-out/>
  <testcase classname="amazon.FirstAutomation" name="test2" time="0.001"/>
  <system-out/>
</testsuite> <!-- amazon.FirstAutomation -->
