<?xml version="1.0" encoding="UTF-8"?>
<!-- Generated by org.testng.reporters.JUnitReportReporter -->
<testsuite hostname="DESKTOP-72J7IOT" failures="0" tests="2" name="amazon.FirstAutomation" time="15.083" errors="0" timestamp="2022-11-16T22:57:11 IST" skipped="0">
  <testcase classname="amazon.FirstAutomation" name="test1" time="15.081"/>
  <system-out/>
  <testcase classname="amazon.FirstAutomation" name="test2" time="0.002"/>
  <system-out/>
</testsuite> <!-- amazon.FirstAutomation -->
